  ▲ Next.js 14.2.35
  - Local:        http://localhost:3030

 ✓ Starting...
 ✓ Ready in 1960ms
 ○ Compiling /compare ...
 ✓ Compiled /investigate in 5.1s (1592 modules)
 HEAD /investigate 200 in 1057ms
 HEAD /watchlist 200 in 1961ms
 HEAD /compare 200 in 5501ms
 HEAD /methodology 200 in 3314ms
 ○ Compiling /investigate/[company] ...
 ✓ Compiled /investigate/[company] in 1549ms (2357 modules)
 HEAD /investigate/TSLA 200 in 7361ms
 ✓ Compiled / in 493ms (2375 modules)
 GET / 200 in 610ms
 GET / 200 in 43ms
 GET /investigate?q=Sephora 307 in 70ms
 GET /investigate/Sephora 200 in 9312ms
 GET /investigate?q=DBS 307 in 47ms
 GET /investigate/DBS 200 in 4208ms
 ○ Compiling /radar ...
 ✓ Compiled /radar in 1143ms (2354 modules)
 ✓ Compiled /compare in 222ms (1202 modules)
 ✓ Compiled /watchlist in 425ms (1232 modules)
 ✓ Compiled (1242 modules)
 GET /api/company/analyze?q=DBS 200 in 23ms
 GET /api/company/analyze?q=DBS 200 in 16ms
 GET /api/company/analyze?q=DBS 200 in 14ms
TypeError: fetch failed
    at node:internal/deps/undici/undici:13510:13
    at processTicksAndRejections (node:internal/process/task_queues:105:5)
    at runNextTicks (node:internal/process/task_queues:69:3)
    at process.processImmediate (node:internal/timers:453:9)
    at process.callbackTrampoline (node:internal/async_hooks:130:17) {
  [cause]: ConnectTimeoutError: Connect Timeout Error (attempted address: api.gdeltproject.org:443, timeout: 10000ms)
      at onConnectTimeout (node:internal/deps/undici/undici:2602:28)
      at Immediate._onImmediate (node:internal/deps/undici/undici:2568:35)
      at process.processImmediate (node:internal/timers:485:21)
      at process.callbackTrampoline (node:internal/async_hooks:130:17) {
    code: 'UND_ERR_CONNECT_TIMEOUT'
  }
}
 GET /api/company/analyze?q=TSLA 200 in 9780ms
 GET /api/company/analyze?q=MSFT 200 in 9783ms
 GET /api/company/analyze?q=TSLA 200 in 27ms
 GET /api/company/analyze?q=MSFT 200 in 27ms
 GET /api/company/analyze?q=TSLA 200 in 22ms
 GET /api/company/analyze?q=MSFT 200 in 21ms
 GET /api/company/analyze?q=TSLA 200 in 27ms
 GET /api/company/analyze?q=MSFT 200 in 25ms
TypeError: fetch failed
    at node:internal/deps/undici/undici:13510:13
    at processTicksAndRejections (node:internal/process/task_queues:105:5)
    at runNextTicks (node:internal/process/task_queues:69:3)
    at process.processImmediate (node:internal/timers:453:9)
    at process.callbackTrampoline (node:internal/async_hooks:130:17) {
  [cause]: ConnectTimeoutError: Connect Timeout Error (attempted address: api.gdeltproject.org:443, timeout: 10000ms)
      at onConnectTimeout (node:internal/deps/undici/undici:2602:28)
      at Immediate._onImmediate (node:internal/deps/undici/undici:2568:35)
      at process.processImmediate (node:internal/timers:485:21)
      at process.callbackTrampoline (node:internal/async_hooks:130:17) {
    code: 'UND_ERR_CONNECT_TIMEOUT'
  }
}
 ⨯ Error: failed to pipe response
    at pipeToNodeResponse (C:\Users\prave\OneDrive\polyfintech_hackathon_2026\node_modules\next\dist\server\pipe-readable.js:126:15)
    at processTicksAndRejections (node:internal/process/task_queues:105:5)
    ... 2 lines matching cause stack trace ...
    at process.callbackTrampoline (node:internal/async_hooks:130:17)
    at async sendResponse (C:\Users\prave\OneDrive\polyfintech_hackathon_2026\node_modules\next\dist\server\send-response.js:44:13)
    at async doRender (C:\Users\prave\OneDrive\polyfintech_hackathon_2026\node_modules\next\dist\server\base-server.js:1396:25)
    at async cacheEntry.responseCache.get.routeKind (C:\Users\prave\OneDrive\polyfintech_hackathon_2026\node_modules\next\dist\server\base-server.js:1588:28)
    at async DevServer.renderToResponseWithComponentsImpl (C:\Users\prave\OneDrive\polyfintech_hackathon_2026\node_modules\next\dist\server\base-server.js:1496:28)
    at async DevServer.renderPageComponent (C:\Users\prave\OneDrive\polyfintech_hackathon_2026\node_modules\next\dist\server\base-server.js:1924:24)
    at async DevServer.renderToResponseImpl (C:\Users\prave\OneDrive\polyfintech_hackathon_2026\node_modules\next\dist\server\base-server.js:1962:32)
    at async DevServer.pipeImpl (C:\Users\prave\OneDrive\polyfintech_hackathon_2026\node_modules\next\dist\server\base-server.js:922:25)
    at async NextNodeServer.handleCatchallRenderRequest (C:\Users\prave\OneDrive\polyfintech_hackathon_2026\node_modules\next\dist\server\next-server.js:272:17)
    at async DevServer.handleRequestImpl (C:\Users\prave\OneDrive\polyfintech_hackathon_2026\node_modules\next\dist\server\base-server.js:818:17)
    at async C:\Users\prave\OneDrive\polyfintech_hackathon_2026\node_modules\next\dist\server\dev\next-dev-server.js:339:20
    at async Span.traceAsyncFn (C:\Users\prave\OneDrive\polyfintech_hackathon_2026\node_modules\next\dist\trace\trace.js:154:20)
    at async DevServer.handleRequest (C:\Users\prave\OneDrive\polyfintech_hackathon_2026\node_modules\next\dist\server\dev\next-dev-server.js:336:24)
    at async invokeRender (C:\Users\prave\OneDrive\polyfintech_hackathon_2026\node_modules\next\dist\server\lib\router-server.js:179:21)
    at async handleRequest (C:\Users\prave\OneDrive\polyfintech_hackathon_2026\node_modules\next\dist\server\lib\router-server.js:359:24)
    at async requestHandlerImpl (C:\Users\prave\OneDrive\polyfintech_hackathon_2026\node_modules\next\dist\server\lib\router-server.js:383:13)
    at async Server.requestListener (C:\Users\prave\OneDrive\polyfintech_hackathon_2026\node_modules\next\dist\server\lib\start-server.js:141:13) {
  [cause]: TypeError: fetch failed
      at node:internal/deps/undici/undici:13510:13
      at processTicksAndRejections (node:internal/process/task_queues:105:5)
      at runNextTicks (node:internal/process/task_queues:69:3)
      at process.processImmediate (node:internal/timers:453:9)
      at process.callbackTrampoline (node:internal/async_hooks:130:17) {
    [cause]: ConnectTimeoutError: Connect Timeout Error (attempted address: api.gdeltproject.org:443, timeout: 10000ms)
        at onConnectTimeout (node:internal/deps/undici/undici:2602:28)
        at Immediate._onImmediate (node:internal/deps/undici/undici:2568:35)
        at process.processImmediate (node:internal/timers:485:21)
        at process.callbackTrampoline (node:internal/async_hooks:130:17) {
      code: 'UND_ERR_CONNECT_TIMEOUT'
    }
  }
}
 GET /api/company/analyze?q=DBS 500 in 10940ms
 GET /api/company/analyze?q=DBS 200 in 41ms
 GET /api/company/analyze?q=TSLA 200 in 40ms
 GET /api/company/analyze?q=MSFT 200 in 39ms
 GET /api/company/analyze?q=DBS 200 in 27ms
 GET /api/company/analyze?q=TSLA 200 in 27ms
 GET /api/company/analyze?q=MSFT 200 in 26ms
TypeError: fetch failed
    at node:internal/deps/undici/undici:13510:13
    at process.processTicksAndRejections (node:internal/process/task_queues:105:5) {
  [cause]: Error: getaddrinfo ENOTFOUND query1.finance.yahoo.com
      at GetAddrInfoReqWrap.onlookupall [as oncomplete] (node:dns:122:26)
      at GetAddrInfoReqWrap.callbackTrampoline (node:internal/async_hooks:130:17) {
    errno: -3008,
    code: 'ENOTFOUND',
    syscall: 'getaddrinfo',
    hostname: 'query1.finance.yahoo.com'
  }
}
TypeError: fetch failed
    at node:internal/deps/undici/undici:13510:13
    at process.processTicksAndRejections (node:internal/process/task_queues:105:5) {
  [cause]: Error: getaddrinfo ENOTFOUND query1.finance.yahoo.com
      at GetAddrInfoReqWrap.onlookupall [as oncomplete] (node:dns:122:26)
      at GetAddrInfoReqWrap.callbackTrampoline (node:internal/async_hooks:130:17) {
    errno: -3008,
    code: 'ENOTFOUND',
    syscall: 'getaddrinfo',
    hostname: 'query1.finance.yahoo.com'
  }
}
TypeError: fetch failed
    at node:internal/deps/undici/undici:13510:13
    at process.processTicksAndRejections (node:internal/process/task_queues:105:5) {
  [cause]: Error: getaddrinfo ENOTFOUND api.gdeltproject.org
      at GetAddrInfoReqWrap.onlookupall [as oncomplete] (node:dns:122:26)
      at GetAddrInfoReqWrap.callbackTrampoline (node:internal/async_hooks:130:17) {
    errno: -3008,
    code: 'ENOTFOUND',
    syscall: 'getaddrinfo',
    hostname: 'api.gdeltproject.org'
  }
}
TypeError: fetch failed
    at node:internal/deps/undici/undici:13510:13
    at process.processTicksAndRejections (node:internal/process/task_queues:105:5) {
  [cause]: Error: getaddrinfo ENOTFOUND query1.finance.yahoo.com
      at GetAddrInfoReqWrap.onlookupall [as oncomplete] (node:dns:122:26)
      at GetAddrInfoReqWrap.callbackTrampoline (node:internal/async_hooks:130:17) {
    errno: -3008,
    code: 'ENOTFOUND',
    syscall: 'getaddrinfo',
    hostname: 'query1.finance.yahoo.com'
  }
}
TypeError: fetch failed
    at node:internal/deps/undici/undici:13510:13
    at process.processTicksAndRejections (node:internal/process/task_queues:105:5) {
  [cause]: Error: getaddrinfo ENOTFOUND query1.finance.yahoo.com
      at GetAddrInfoReqWrap.onlookupall [as oncomplete] (node:dns:122:26)
      at GetAddrInfoReqWrap.callbackTrampoline (node:internal/async_hooks:130:17) {
    errno: -3008,
    code: 'ENOTFOUND',
    syscall: 'getaddrinfo',
    hostname: 'query1.finance.yahoo.com'
  }
}
 GET /api/company/analyze?q=DBS 200 in 97ms
 GET /api/company/analyze?q=TSLA 200 in 94ms
TypeError: fetch failed
    at node:internal/deps/undici/undici:13510:13
    at process.processTicksAndRejections (node:internal/process/task_queues:105:5) {
  [cause]: Error: getaddrinfo ENOTFOUND query1.finance.yahoo.com
      at GetAddrInfoReqWrap.onlookupall [as oncomplete] (node:dns:122:26)
      at GetAddrInfoReqWrap.callbackTrampoline (node:internal/async_hooks:130:17) {
    errno: -3008,
    code: 'ENOTFOUND',
    syscall: 'getaddrinfo',
    hostname: 'query1.finance.yahoo.com'
  }
}
TypeError: fetch failed
    at node:internal/deps/undici/undici:13510:13
    at process.processTicksAndRejections (node:internal/process/task_queues:105:5) {
  [cause]: Error: getaddrinfo ENOTFOUND query1.finance.yahoo.com
      at GetAddrInfoReqWrap.onlookupall [as oncomplete] (node:dns:122:26)
      at GetAddrInfoReqWrap.callbackTrampoline (node:internal/async_hooks:130:17) {
    errno: -3008,
    code: 'ENOTFOUND',
    syscall: 'getaddrinfo',
    hostname: 'query1.finance.yahoo.com'
  }
}
 GET /api/company/analyze?q=MSFT 200 in 135ms
 GET /api/company/analyze?q=DBS 200 in 76ms
 GET /api/company/analyze?q=TSLA 200 in 74ms
 GET /api/company/analyze?q=MSFT 200 in 56ms
 GET /investigate?q= 200 in 194ms
 GET /investigate?q=DBS 307 in 126ms
 GET /investigate/DBS 200 in 599ms
 ✓ Compiled in 3s (2387 modules)
 ✓ Compiled in 877ms (2373 modules)
 ○ Compiling /_not-found ...
 ✓ Compiled /_not-found in 960ms (434 modules)
 GET /investigate/DBS 404 in 98ms
Error: ENOENT: no such file or directory, scandir 'C:\Users\prave\OneDrive\polyfintech_hackathon_2026\app'
    at async Object.readdir (node:internal/fs/promises:949:18)
    at async C:\Users\prave\OneDrive\polyfintech_hackathon_2026\node_modules\next\dist\lib\recursive-readdir.js:39:29
    at async Promise.all (index 0)
    at async recursiveReadDir (C:\Users\prave\OneDrive\polyfintech_hackathon_2026\node_modules\next\dist\lib\recursive-readdir.js:32:25)
    at async C:\Users\prave\OneDrive\polyfintech_hackathon_2026\node_modules\next\dist\server\future\route-matcher-providers\dev\helpers\file-reader\batched-file-reader.js:71:25
    at async Promise.all (index 0)
    at async BatchedFileReader.load (C:\Users\prave\OneDrive\polyfintech_hackathon_2026\node_modules\next\dist\server\future\route-matcher-providers\dev\helpers\file-reader\batched-file-reader.js:67:25)
    at async C:\Users\prave\OneDrive\polyfintech_hackathon_2026\node_modules\next\dist\server\future\route-matcher-providers\dev\helpers\file-reader\batched-file-reader.js:41:26 {
  errno: -4058,
  code: 'ENOENT',
  syscall: 'scandir',
  path: 'C:\\Users\\prave\\OneDrive\\polyfintech_hackathon_2026\\app'
}
 ⨯ unhandledRejection: Error: ENOENT: no such file or directory, scandir 'C:\Users\prave\OneDrive\polyfintech_hackathon_2026\app'
    at async Object.readdir (node:internal/fs/promises:949:18)
    at async C:\Users\prave\OneDrive\polyfintech_hackathon_2026\node_modules\next\dist\lib\recursive-readdir.js:39:29
    at async Promise.all (index 0)
    at async recursiveReadDir (C:\Users\prave\OneDrive\polyfintech_hackathon_2026\node_modules\next\dist\lib\recursive-readdir.js:32:25)
    at async C:\Users\prave\OneDrive\polyfintech_hackathon_2026\node_modules\next\dist\server\future\route-matcher-providers\dev\helpers\file-reader\batched-file-reader.js:71:25
    at async Promise.all (index 0)
    at async BatchedFileReader.load (C:\Users\prave\OneDrive\polyfintech_hackathon_2026\node_modules\next\dist\server\future\route-matcher-providers\dev\helpers\file-reader\batched-file-reader.js:67:25)
    at async C:\Users\prave\OneDrive\polyfintech_hackathon_2026\node_modules\next\dist\server\future\route-matcher-providers\dev\helpers\file-reader\batched-file-reader.js:41:26 {
  errno: -4058,
  code: 'ENOENT',
  syscall: 'scandir',
  path: 'C:\\Users\\prave\\OneDrive\\polyfintech_hackathon_2026\\app'
}
 ⨯ unhandledRejection: Error: ENOENT: no such file or directory, scandir 'C:\Users\prave\OneDrive\polyfintech_hackathon_2026\app'
    at async Object.readdir (node:internal/fs/promises:949:18)
    at async C:\Users\prave\OneDrive\polyfintech_hackathon_2026\node_modules\next\dist\lib\recursive-readdir.js:39:29
    at async Promise.all (index 0)
    at async recursiveReadDir (C:\Users\prave\OneDrive\polyfintech_hackathon_2026\node_modules\next\dist\lib\recursive-readdir.js:32:25)
    at async C:\Users\prave\OneDrive\polyfintech_hackathon_2026\node_modules\next\dist\server\future\route-matcher-providers\dev\helpers\file-reader\batched-file-reader.js:71:25
    at async Promise.all (index 0)
    at async BatchedFileReader.load (C:\Users\prave\OneDrive\polyfintech_hackathon_2026\node_modules\next\dist\server\future\route-matcher-providers\dev\helpers\file-reader\batched-file-reader.js:67:25)
    at async C:\Users\prave\OneDrive\polyfintech_hackathon_2026\node_modules\next\dist\server\future\route-matcher-providers\dev\helpers\file-reader\batched-file-reader.js:41:26 {
  errno: -4058,
  code: 'ENOENT',
  syscall: 'scandir',
  path: 'C:\\Users\\prave\\OneDrive\\polyfintech_hackathon_2026\\app'
}
Error: ENOENT: no such file or directory, scandir 'C:\Users\prave\OneDrive\polyfintech_hackathon_2026\app'
    at async Object.readdir (node:internal/fs/promises:949:18)
    at async C:\Users\prave\OneDrive\polyfintech_hackathon_2026\node_modules\next\dist\lib\recursive-readdir.js:39:29
    at async Promise.all (index 0)
    at async recursiveReadDir (C:\Users\prave\OneDrive\polyfintech_hackathon_2026\node_modules\next\dist\lib\recursive-readdir.js:32:25)
    at async C:\Users\prave\OneDrive\polyfintech_hackathon_2026\node_modules\next\dist\server\future\route-matcher-providers\dev\helpers\file-reader\batched-file-reader.js:71:25
    at async Promise.all (index 0)
    at async BatchedFileReader.load (C:\Users\prave\OneDrive\polyfintech_hackathon_2026\node_modules\next\dist\server\future\route-matcher-providers\dev\helpers\file-reader\batched-file-reader.js:67:25)
    at async C:\Users\prave\OneDrive\polyfintech_hackathon_2026\node_modules\next\dist\server\future\route-matcher-providers\dev\helpers\file-reader\batched-file-reader.js:41:26 {
  errno: -4058,
  code: 'ENOENT',
  syscall: 'scandir',
  path: 'C:\\Users\\prave\\OneDrive\\polyfintech_hackathon_2026\\app'
}
Error: ENOENT: no such file or directory, scandir 'C:\Users\prave\OneDrive\polyfintech_hackathon_2026\app'
    at async Object.readdir (node:internal/fs/promises:949:18)
    at async C:\Users\prave\OneDrive\polyfintech_hackathon_2026\node_modules\next\dist\lib\recursive-readdir.js:39:29
    at async Promise.all (index 0)
    at async recursiveReadDir (C:\Users\prave\OneDrive\polyfintech_hackathon_2026\node_modules\next\dist\lib\recursive-readdir.js:32:25)
    at async C:\Users\prave\OneDrive\polyfintech_hackathon_2026\node_modules\next\dist\server\future\route-matcher-providers\dev\helpers\file-reader\batched-file-reader.js:71:25
    at async Promise.all (index 0)
    at async BatchedFileReader.load (C:\Users\prave\OneDrive\polyfintech_hackathon_2026\node_modules\next\dist\server\future\route-matcher-providers\dev\helpers\file-reader\batched-file-reader.js:67:25)
    at async C:\Users\prave\OneDrive\polyfintech_hackathon_2026\node_modules\next\dist\server\future\route-matcher-providers\dev\helpers\file-reader\batched-file-reader.js:41:26 {
  errno: -4058,
  code: 'ENOENT',
  syscall: 'scandir',
  path: 'C:\\Users\\prave\\OneDrive\\polyfintech_hackathon_2026\\app'
}
Error: ENOENT: no such file or directory, scandir 'C:\Users\prave\OneDrive\polyfintech_hackathon_2026\app'
    at async Object.readdir (node:internal/fs/promises:949:18)
    at async C:\Users\prave\OneDrive\polyfintech_hackathon_2026\node_modules\next\dist\lib\recursive-readdir.js:39:29
    at async Promise.all (index 0)
    at async recursiveReadDir (C:\Users\prave\OneDrive\polyfintech_hackathon_2026\node_modules\next\dist\lib\recursive-readdir.js:32:25)
    at async C:\Users\prave\OneDrive\polyfintech_hackathon_2026\node_modules\next\dist\server\future\route-matcher-providers\dev\helpers\file-reader\batched-file-reader.js:71:25
    at async Promise.all (index 0)
    at async BatchedFileReader.load (C:\Users\prave\OneDrive\polyfintech_hackathon_2026\node_modules\next\dist\server\future\route-matcher-providers\dev\helpers\file-reader\batched-file-reader.js:67:25)
    at async C:\Users\prave\OneDrive\polyfintech_hackathon_2026\node_modules\next\dist\server\future\route-matcher-providers\dev\helpers\file-reader\batched-file-reader.js:41:26 {
  errno: -4058,
  code: 'ENOENT',
  syscall: 'scandir',
  path: 'C:\\Users\\prave\\OneDrive\\polyfintech_hackathon_2026\\app'
}
 ⨯ unhandledRejection: Error: ENOENT: no such file or directory, scandir 'C:\Users\prave\OneDrive\polyfintech_hackathon_2026\app'
    at async Object.readdir (node:internal/fs/promises:949:18)
    at async C:\Users\prave\OneDrive\polyfintech_hackathon_2026\node_modules\next\dist\lib\recursive-readdir.js:39:29
    at async Promise.all (index 0)
    at async recursiveReadDir (C:\Users\prave\OneDrive\polyfintech_hackathon_2026\node_modules\next\dist\lib\recursive-readdir.js:32:25)
    at async C:\Users\prave\OneDrive\polyfintech_hackathon_2026\node_modules\next\dist\server\future\route-matcher-providers\dev\helpers\file-reader\batched-file-reader.js:71:25
    at async Promise.all (index 0)
    at async BatchedFileReader.load (C:\Users\prave\OneDrive\polyfintech_hackathon_2026\node_modules\next\dist\server\future\route-matcher-providers\dev\helpers\file-reader\batched-file-reader.js:67:25)
    at async C:\Users\prave\OneDrive\polyfintech_hackathon_2026\node_modules\next\dist\server\future\route-matcher-providers\dev\helpers\file-reader\batched-file-reader.js:41:26 {
  errno: -4058,
  code: 'ENOENT',
  syscall: 'scandir',
  path: 'C:\\Users\\prave\\OneDrive\\polyfintech_hackathon_2026\\app'
}
 ⨯ unhandledRejection: Error: ENOENT: no such file or directory, scandir 'C:\Users\prave\OneDrive\polyfintech_hackathon_2026\app'
    at async Object.readdir (node:internal/fs/promises:949:18)
    at async C:\Users\prave\OneDrive\polyfintech_hackathon_2026\node_modules\next\dist\lib\recursive-readdir.js:39:29
    at async Promise.all (index 0)
    at async recursiveReadDir (C:\Users\prave\OneDrive\polyfintech_hackathon_2026\node_modules\next\dist\lib\recursive-readdir.js:32:25)
    at async C:\Users\prave\OneDrive\polyfintech_hackathon_2026\node_modules\next\dist\server\future\route-matcher-providers\dev\helpers\file-reader\batched-file-reader.js:71:25
    at async Promise.all (index 0)
    at async BatchedFileReader.load (C:\Users\prave\OneDrive\polyfintech_hackathon_2026\node_modules\next\dist\server\future\route-matcher-providers\dev\helpers\file-reader\batched-file-reader.js:67:25)
    at async C:\Users\prave\OneDrive\polyfintech_hackathon_2026\node_modules\next\dist\server\future\route-matcher-providers\dev\helpers\file-reader\batched-file-reader.js:41:26 {
  errno: -4058,
  code: 'ENOENT',
  syscall: 'scandir',
  path: 'C:\\Users\\prave\\OneDrive\\polyfintech_hackathon_2026\\app'
}
 ✓ Compiled in 1906ms (216 modules)
